<?xml version="1.0" encoding="UTF-8"?>
<!-- Generated by org.testng.reporters.JUnitReportReporter -->
<testsuite skipped="0" hostname="DESKTOP-E2LC1BH" name="Academy.validateNavigationBar" tests="1" failures="0" timestamp="01 十一月 2017 05:25:46 GMT" time="0.051" errors="0">
  <testcase name="Navbar" time="0.051" classname="Academy.validateNavigationBar"/>
</testsuite> <!-- Academy.validateNavigationBar -->
