<?xml version="1.0" encoding="UTF-8"?>
<!-- Generated by org.testng.reporters.JUnitReportReporter -->
<testsuite skipped="0" hostname="DESKTOP-E2LC1BH" name="Academy.base" tests="1" failures="0" timestamp="24 十月 2017 07:52:15 GMT" time="2.638" errors="0">
  <testcase name="InitializeDriver" time="2.638" classname="Academy.base"/>
</testsuite> <!-- Academy.base -->
