<?xml version="1.0" encoding="UTF-8"?>
<!-- Generated by org.testng.reporters.JUnitReportReporter -->
<testsuite skipped="0" hostname="DESKTOP-E2LC1BH" name="Academy.HomePage" tests="2" failures="0" timestamp="01 十一月 2017 05:25:46 GMT" time="9.268" errors="0">
  <testcase name="homepageNavigetion" time="4.509" classname="Academy.HomePage"/>
  <testcase name="homepageNavigetion" time="4.759" classname="Academy.HomePage"/>
</testsuite> <!-- Academy.HomePage -->
