<?xml version="1.0" encoding="UTF-8"?>
<!-- Generated by org.testng.reporters.JUnitReportReporter -->
<testsuite skipped="0" hostname="DESKTOP-E2LC1BH" name="Academy.validateTitle" tests="1" failures="0" timestamp="01 十一月 2017 08:40:01 GMT" time="0.054" errors="0">
  <testcase name="titlecheck" time="0.054" classname="Academy.validateTitle"/>
</testsuite> <!-- Academy.validateTitle -->
